<?xml version="1.0" encoding="UTF-8"?>
<!-- Generated by org.testng.reporters.JUnitXMLReporter -->
<testsuite ignored="0" hostname="DESKTOP-HQV51JQ" failures="0" tests="18" name="Default test" time="2.674" errors="0" timestamp="2024-06-18T15:18:27 IST">
  <testcase classname="testBase.BaseClass" name="@BeforeClass configureappium" time="2.469">
    <failure type="org.openqa.selenium.SessionNotCreatedException" message="Could not start a new session. Response code 500. Message: An unknown server-side error occurred while processing the command. Original error: The application at &amp;apos;C:/Users/rajesh/Downloads/TVSConnect-2.14.1-srilankaStage-debug.apk&amp;apos; does not exist or is not accessible 
Host info: host: &amp;apos;DESKTOP-HQV51JQ&amp;apos;, ip: &amp;apos;192.168.1.190&amp;apos;
Build info: version: &amp;apos;4.13.0&amp;apos;, revision: &amp;apos;ba948ece5b*&amp;apos;
System info: os.name: &amp;apos;Windows 10&amp;apos;, os.arch: &amp;apos;amd64&amp;apos;, os.version: &amp;apos;10.0&amp;apos;, java.version: &amp;apos;17.0.6&amp;apos;
Driver info: io.appium.java_client.android.AndroidDriver
Command: [null, newSession {capabilities=[{appium:deviceName=moto g32, platformName=ANDROID, appium:automationName=UIAutomator2, appium:app=C:/Users/rajesh/Downloads/TVSConnect-2.14.1-srilankaStage-debug.apk}], desiredCapabilities=Capabilities {appium:app: C:/Users/rajesh/Downloads/T..., appium:automationName: UIAutomator2, appium:deviceName: moto g32, platformName: ANDROID}}]
Capabilities {appium:app: C:/Users/rajesh/Downloads/T..., appium:automationName: UIAutomator2, appium:deviceName: moto g32, platformName: ANDROID}">
      <![CDATA[org.openqa.selenium.SessionNotCreatedException: Could not start a new session. Response code 500. Message: An unknown server-side error occurred while processing the command. Original error: The application at 'C:/Users/rajesh/Downloads/TVSConnect-2.14.1-srilankaStage-debug.apk' does not exist or is not accessible 
Host info: host: 'DESKTOP-HQV51JQ', ip: '192.168.1.190'
Build info: version: '4.13.0', revision: 'ba948ece5b*'
System info: os.name: 'Windows 10', os.arch: 'amd64', os.version: '10.0', java.version: '17.0.6'
Driver info: io.appium.java_client.android.AndroidDriver
Command: [null, newSession {capabilities=[{appium:deviceName=moto g32, platformName=ANDROID, appium:automationName=UIAutomator2, appium:app=C:/Users/rajesh/Downloads/TVSConnect-2.14.1-srilankaStage-debug.apk}], desiredCapabilities=Capabilities {appium:app: C:/Users/rajesh/Downloads/T..., appium:automationName: UIAutomator2, appium:deviceName: moto g32, platformName: ANDROID}}]
Capabilities {appium:app: C:/Users/rajesh/Downloads/T..., appium:automationName: UIAutomator2, appium:deviceName: moto g32, platformName: ANDROID}
at org.openqa.selenium.remote.ProtocolHandshake.createSession(ProtocolHandshake.java:140)
at java.base/jdk.internal.reflect.NativeMethodAccessorImpl.invoke0(Native Method)
at java.base/jdk.internal.reflect.NativeMethodAccessorImpl.invoke(NativeMethodAccessorImpl.java:77)
at java.base/jdk.internal.reflect.DelegatingMethodAccessorImpl.invoke(DelegatingMethodAccessorImpl.java:43)
at java.base/java.lang.reflect.Method.invoke(Method.java:568)
at io.appium.java_client.remote.AppiumProtocolHandshake.createSession(AppiumProtocolHandshake.java:133)
at io.appium.java_client.remote.AppiumProtocolHandshake.createSession(AppiumProtocolHandshake.java:102)
at io.appium.java_client.remote.AppiumCommandExecutor.createSession(AppiumCommandExecutor.java:182)
at io.appium.java_client.remote.AppiumCommandExecutor.execute(AppiumCommandExecutor.java:250)
at org.openqa.selenium.remote.RemoteWebDriver.execute(RemoteWebDriver.java:602)
at io.appium.java_client.AppiumDriver.startSession(AppiumDriver.java:274)
at org.openqa.selenium.remote.RemoteWebDriver.<init>(RemoteWebDriver.java:163)
at io.appium.java_client.AppiumDriver.<init>(AppiumDriver.java:89)
at io.appium.java_client.AppiumDriver.<init>(AppiumDriver.java:101)
at io.appium.java_client.android.AndroidDriver.<init>(AndroidDriver.java:113)
at testBase.BaseClass.configureappium(BaseClass.java:48)
at java.base/jdk.internal.reflect.NativeMethodAccessorImpl.invoke0(Native Method)
at java.base/jdk.internal.reflect.NativeMethodAccessorImpl.invoke(NativeMethodAccessorImpl.java:77)
at java.base/jdk.internal.reflect.DelegatingMethodAccessorImpl.invoke(DelegatingMethodAccessorImpl.java:43)
at java.base/java.lang.reflect.Method.invoke(Method.java:568)
at org.testng.internal.MethodInvocationHelper.invokeMethod(MethodInvocationHelper.java:133)
at org.testng.internal.MethodInvocationHelper.invokeMethodConsideringTimeout(MethodInvocationHelper.java:62)
at org.testng.internal.ConfigInvoker.invokeConfigurationMethod(ConfigInvoker.java:385)
at org.testng.internal.ConfigInvoker.invokeConfigurations(ConfigInvoker.java:321)
at org.testng.internal.TestMethodWorker.invokeBeforeClassMethods(TestMethodWorker.java:176)
at org.testng.internal.TestMethodWorker.run(TestMethodWorker.java:122)
at java.base/java.util.ArrayList.forEach(ArrayList.java:1511)
at org.testng.TestRunner.privateRun(TestRunner.java:794)
at org.testng.TestRunner.run(TestRunner.java:596)
at org.testng.SuiteRunner.runTest(SuiteRunner.java:377)
at org.testng.SuiteRunner.runSequentially(SuiteRunner.java:371)
at org.testng.SuiteRunner.privateRun(SuiteRunner.java:332)
at org.testng.SuiteRunner.run(SuiteRunner.java:276)
at org.testng.SuiteRunnerWorker.runSuite(SuiteRunnerWorker.java:53)
at org.testng.SuiteRunnerWorker.run(SuiteRunnerWorker.java:96)
at org.testng.TestNG.runSuitesSequentially(TestNG.java:1212)
at org.testng.TestNG.runSuitesLocally(TestNG.java:1134)
at org.testng.TestNG.runSuites(TestNG.java:1063)
at org.testng.TestNG.run(TestNG.java:1031)
at org.testng.remote.AbstractRemoteTestNG.run(AbstractRemoteTestNG.java:115)
at org.testng.remote.RemoteTestNG.initAndRun(RemoteTestNG.java:251)
at org.testng.remote.RemoteTestNG.main(RemoteTestNG.java:77)
]]>
    </failure>
  </testcase> <!-- @BeforeClass configureappium -->
  <testcase classname="testCases.SriLanka" name="applicationLogin" time="0.0">
    <skipped/>
  </testcase> <!-- applicationLogin -->
  <testcase classname="testCases.SriLanka" name="signupDetails" time="0.0">
    <skipped/>
  </testcase> <!-- signupDetails -->
  <testcase classname="testCases.SriLanka" name="verifyOtp" time="0.0">
    <skipped/>
  </testcase> <!-- verifyOtp -->
  <testcase classname="testCases.SriLanka" name="addSEVehicle" time="0.0">
    <skipped/>
  </testcase> <!-- addSEVehicle -->
  <testcase classname="testCases.SriLanka" name="SerideDetails" time="0.0">
    <skipped/>
  </testcase> <!-- SerideDetails -->
  <testcase classname="testCases.SriLanka" name="SemyRides" time="0.0">
    <skipped/>
  </testcase> <!-- SemyRides -->
  <testcase classname="testCases.SriLanka" name="Seknowyourbike" time="0.0">
    <skipped/>
  </testcase> <!-- Seknowyourbike -->
  <testcase classname="testCases.SriLanka" name="Sesettings" time="0.0">
    <skipped/>
  </testcase> <!-- Sesettings -->
  <testcase classname="testCases.SriLanka" name="SelastParkLocation" time="0.0">
    <skipped/>
  </testcase> <!-- SelastParkLocation -->
  <testcase classname="testCases.SriLanka" name="SehowToVideos" time="0.0">
    <skipped/>
  </testcase> <!-- SehowToVideos -->
  <testcase classname="testCases.SriLanka" name="addReBike" time="0.0">
    <skipped/>
  </testcase> <!-- addReBike -->
  <testcase classname="testCases.SriLanka" name="reridedetails" time="0.0">
    <skipped/>
  </testcase> <!-- reridedetails -->
  <testcase classname="testCases.SriLanka" name="remyrides" time="0.0">
    <skipped/>
  </testcase> <!-- remyrides -->
  <testcase classname="testCases.SriLanka" name="reknowyourbike" time="0.0">
    <skipped/>
  </testcase> <!-- reknowyourbike -->
  <testcase classname="testCases.SriLanka" name="resettings" time="0.0">
    <skipped/>
  </testcase> <!-- resettings -->
  <testcase classname="testCases.SriLanka" name="lastparkedlocation" time="0.0">
    <skipped/>
  </testcase> <!-- lastparkedlocation -->
  <testcase classname="testCases.SriLanka" name="howtovideos" time="0.0">
    <skipped/>
  </testcase> <!-- howtovideos -->
  <testcase classname="testCases.SriLanka" name="addiQube" time="0.0">
    <skipped/>
  </testcase> <!-- addiQube -->
</testsuite> <!-- Default test -->
