<?xml version="1.0" encoding="UTF-8"?>
<!-- Generated by org.testng.reporters.JUnitXMLReporter -->
<testsuite ignored="0" hostname="ankitbhandari" failures="0" tests="18" name="Test" time="194.14" errors="0" timestamp="2024-07-11T17:59:35 IST">
  <testcase classname="testCases.SriLanka" name="applicationLogin" time="21.491"/>
  <testcase classname="testCases.SriLanka" name="signupDetails" time="5.623"/>
  <testcase classname="testCases.SriLanka" name="verifyOtp" time="8.849"/>
  <testcase classname="testCases.SriLanka" name="addSEVehicle" time="28.604"/>
  <testcase classname="testCases.SriLanka" name="SerideDetails" time="7.59"/>
  <testcase classname="testCases.SriLanka" name="SemyRides" time="2.39"/>
  <testcase classname="testCases.SriLanka" name="Seknowyourbike" time="6.86"/>
  <testcase classname="testCases.SriLanka" name="Sesettings" time="7.196"/>
  <testcase classname="testCases.SriLanka" name="SelastParkLocation" time="5.102"/>
  <testcase classname="testCases.SriLanka" name="SehowToVideos" time="2.999"/>
  <testcase classname="testCases.SriLanka" name="addReBike" time="7.333"/>
  <testcase classname="testCases.SriLanka" name="reridedetails" time="12.03"/>
  <testcase classname="testCases.SriLanka" name="remyrides" time="2.451"/>
  <testcase classname="testCases.SriLanka" name="reknowyourbike" time="9.212"/>
  <testcase classname="testCases.SriLanka" name="resettings" time="7.707"/>
  <testcase classname="testCases.SriLanka" name="lastparkedlocation" time="4.327"/>
  <testcase classname="testCases.SriLanka" name="howtovideos" time="1.623"/>
  <testcase classname="testCases.SriLanka" name="addiQube" time="6.307"/>
</testsuite> <!-- Test -->
