<?xml version="1.0" encoding="UTF-8"?>
<!-- Generated by org.testng.reporters.JUnitXMLReporter -->
<testsuite ignored="0" hostname="DESKTOP-HQV51JQ" failures="0" tests="18" name="Test" time="181.861" errors="0" timestamp="2024-03-29T15:16:40 IST">
  <testcase classname="testCases.SriLanka" name="applicationLogin" time="23.245"/>
  <testcase classname="testCases.SriLanka" name="signupDetails" time="6.653"/>
  <testcase classname="testCases.SriLanka" name="verifyOtp" time="10.368"/>
  <testcase classname="testCases.SriLanka" name="addSEVehicle" time="26.613"/>
  <testcase classname="testCases.SriLanka" name="SerideDetails" time="9.471"/>
  <testcase classname="testCases.SriLanka" name="SemyRides" time="3.393"/>
  <testcase classname="testCases.SriLanka" name="Seknowyourbike" time="7.875"/>
  <testcase classname="testCases.SriLanka" name="Sesettings" time="9.59"/>
  <testcase classname="testCases.SriLanka" name="SelastParkLocation" time="6.658"/>
  <testcase classname="testCases.SriLanka" name="SehowToVideos" time="5.542"/>
  <testcase classname="testCases.SriLanka" name="addReBike" time="7.755"/>
  <testcase classname="testCases.SriLanka" name="reridedetails" time="8.386"/>
  <testcase classname="testCases.SriLanka" name="remyrides" time="3.241"/>
  <testcase classname="testCases.SriLanka" name="reknowyourbike" time="7.85"/>
  <testcase classname="testCases.SriLanka" name="resettings" time="9.188"/>
  <testcase classname="testCases.SriLanka" name="lastparkedlocation" time="5.517"/>
  <testcase classname="testCases.SriLanka" name="howtovideos" time="3.297"/>
  <testcase classname="testCases.SriLanka" name="addiQube" time="4.007"/>
</testsuite> <!-- Test -->
