<?xml version="1.0" encoding="UTF-8"?>
<testsuite xmlns:xsi="http://www.w3.org/2001/XMLSchema-instance" xsi:noNamespaceSchemaLocation="https://maven.apache.org/surefire/maven-surefire-plugin/xsd/surefire-test-report-3.0.xsd" version="3.0" name="TestSuite" time="182.809" tests="18" errors="0" skipped="0" failures="0">
  <properties>
[...]
</properties>
  <testcase name="applicationLogin" classname="testCases.SriLanka" time="23.248">
    <system-out><![CDATA[&amp#27;[35m[Appium]&amp#27;[39m Welcome to Appium v2.2.2
&amp#27;[35m[Appium]&amp#27;[39m Non-default server args:
&amp#27;[35m[Appium]&amp#27;[39m { address: &amp#27;[32m'127.0.0.1'&amp#27;[39m }
&amp#27;[35m[Appium]&amp#27;[39m Appium REST http interface listener started on http://127.0.0.1:4723
&amp#27;[35m[Appium]&amp#27;[39m No drivers have been installed in C:\Users\rajesh\.appium. Use the "appium driver" command to install the one(s) you want to use.
&amp#27;[35m[Appium]&amp#27;[39m No plugins have been installed. Use the "appium plugin" command to install the one(s) you want to use.
]]></system-out>
    <system-err><![CDATA[SLF4J: No SLF4J providers were found.
SLF4J: Defaulting to no-operation (NOP) logger implementation
SLF4J: See https://www.slf4j.org/codes.html#noProviders for further details.
SLF4J: Class path contains SLF4J bindings targeting slf4j-api versions 1.7.x or earlier.
SLF4J: Ignoring binding found at [jar:file:/C:/Users/rajesh/.m2/repository/org/apache/logging/log4j/log4j-slf4j-impl/2.22.0/log4j-slf4j-impl-2.22.0.jar!/org/slf4j/impl/StaticLoggerBinder.class]
SLF4J: See https://www.slf4j.org/codes.html#ignoredBindings for an explanation.
]]></system-err>
  </testcase>
  <testcase name="signupDetails" classname="testCases.SriLanka" time="6.652"/>
  <testcase name="verifyOtp" classname="testCases.SriLanka" time="10.369"/>
  <testcase name="addSEVehicle" classname="testCases.SriLanka" time="26.613"/>
  <testcase name="SerideDetails" classname="testCases.SriLanka" time="9.471"/>
  <testcase name="SemyRides" classname="testCases.SriLanka" time="3.394"/>
  <testcase name="Seknowyourbike" classname="testCases.SriLanka" time="7.875"/>
  <testcase name="Sesettings" classname="testCases.SriLanka" time="9.588"/>
  <testcase name="SelastParkLocation" classname="testCases.SriLanka" time="6.658"/>
  <testcase name="SehowToVideos" classname="testCases.SriLanka" time="5.543"/>
  <testcase name="addReBike" classname="testCases.SriLanka" time="7.755"/>
  <testcase name="reridedetails" classname="testCases.SriLanka" time="8.386"/>
  <testcase name="remyrides" classname="testCases.SriLanka" time="3.243"/>
  <testcase name="reknowyourbike" classname="testCases.SriLanka" time="7.85"/>
  <testcase name="resettings" classname="testCases.SriLanka" time="9.188"/>
  <testcase name="lastparkedlocation" classname="testCases.SriLanka" time="5.515"/>
  <testcase name="howtovideos" classname="testCases.SriLanka" time="3.296"/>
  <testcase name="addiQube" classname="testCases.SriLanka" time="4.008"/>
</testsuite>