<?xml version="1.0" encoding="UTF-8"?>
<testng-results ignored="0" total="18" passed="18" failed="0" skipped="0">
  <reporter-output>
  </reporter-output>
  <suite started-at="2024-03-29T15:13:38 IST" name="Suite" finished-at="2024-03-29T15:16:40 IST" duration-ms="181861">
    <groups>
    </groups>
    <test started-at="2024-03-29T15:13:38 IST" name="Test" finished-at="2024-03-29T15:16:40 IST" duration-ms="181861">
      <class name="testCases.SriLanka">
        <test-method is-config="true" signature="configureappium()[pri:0, instance:testCases.SriLanka@7f485fda]" started-at="2024-03-29T15:13:38 IST" name="configureappium" finished-at="2024-03-29T15:14:01 IST" duration-ms="23090" status="PASS">
          <reporter-output>
          </reporter-output>
        </test-method> <!-- configureappium -->
        <test-method signature="applicationLogin()[pri:1, instance:testCases.SriLanka@7f485fda]" started-at="2024-03-29T15:14:01 IST" name="applicationLogin" finished-at="2024-03-29T15:14:25 IST" duration-ms="23245" status="PASS">
          <reporter-output>
          </reporter-output>
        </test-method> <!-- applicationLogin -->
        <test-method signature="signupDetails()[pri:2, instance:testCases.SriLanka@7f485fda]" started-at="2024-03-29T15:14:25 IST" name="signupDetails" finished-at="2024-03-29T15:14:31 IST" duration-ms="6653" status="PASS">
          <reporter-output>
          </reporter-output>
        </test-method> <!-- signupDetails -->
        <test-method signature="verifyOtp()[pri:3, instance:testCases.SriLanka@7f485fda]" started-at="2024-03-29T15:14:31 IST" name="verifyOtp" finished-at="2024-03-29T15:14:42 IST" duration-ms="10368" status="PASS">
          <reporter-output>
          </reporter-output>
        </test-method> <!-- verifyOtp -->
        <test-method signature="addSEVehicle()[pri:4, instance:testCases.SriLanka@7f485fda]" started-at="2024-03-29T15:14:42 IST" name="addSEVehicle" finished-at="2024-03-29T15:15:08 IST" duration-ms="26613" status="PASS">
          <reporter-output>
          </reporter-output>
        </test-method> <!-- addSEVehicle -->
        <test-method signature="SerideDetails()[pri:5, instance:testCases.SriLanka@7f485fda]" started-at="2024-03-29T15:15:08 IST" name="SerideDetails" finished-at="2024-03-29T15:15:18 IST" duration-ms="9471" status="PASS">
          <reporter-output>
          </reporter-output>
        </test-method> <!-- SerideDetails -->
        <test-method signature="SemyRides()[pri:6, instance:testCases.SriLanka@7f485fda]" started-at="2024-03-29T15:15:18 IST" name="SemyRides" finished-at="2024-03-29T15:15:21 IST" duration-ms="3393" status="PASS">
          <reporter-output>
          </reporter-output>
        </test-method> <!-- SemyRides -->
        <test-method signature="Seknowyourbike()[pri:7, instance:testCases.SriLanka@7f485fda]" started-at="2024-03-29T15:15:21 IST" name="Seknowyourbike" finished-at="2024-03-29T15:15:29 IST" duration-ms="7875" status="PASS">
          <reporter-output>
          </reporter-output>
        </test-method> <!-- Seknowyourbike -->
        <test-method signature="Sesettings()[pri:8, instance:testCases.SriLanka@7f485fda]" started-at="2024-03-29T15:15:29 IST" name="Sesettings" finished-at="2024-03-29T15:15:39 IST" duration-ms="9590" status="PASS">
          <reporter-output>
          </reporter-output>
        </test-method> <!-- Sesettings -->
        <test-method signature="SelastParkLocation()[pri:9, instance:testCases.SriLanka@7f485fda]" started-at="2024-03-29T15:15:39 IST" name="SelastParkLocation" finished-at="2024-03-29T15:15:45 IST" duration-ms="6658" status="PASS">
          <reporter-output>
          </reporter-output>
        </test-method> <!-- SelastParkLocation -->
        <test-method signature="SehowToVideos()[pri:10, instance:testCases.SriLanka@7f485fda]" started-at="2024-03-29T15:15:45 IST" name="SehowToVideos" finished-at="2024-03-29T15:15:51 IST" duration-ms="5542" status="PASS">
          <reporter-output>
          </reporter-output>
        </test-method> <!-- SehowToVideos -->
        <test-method signature="addReBike()[pri:11, instance:testCases.SriLanka@7f485fda]" started-at="2024-03-29T15:15:51 IST" name="addReBike" finished-at="2024-03-29T15:15:59 IST" duration-ms="7755" status="PASS">
          <reporter-output>
          </reporter-output>
        </test-method> <!-- addReBike -->
        <test-method signature="reridedetails()[pri:12, instance:testCases.SriLanka@7f485fda]" started-at="2024-03-29T15:15:59 IST" name="reridedetails" finished-at="2024-03-29T15:16:07 IST" duration-ms="8386" status="PASS">
          <reporter-output>
          </reporter-output>
        </test-method> <!-- reridedetails -->
        <test-method signature="remyrides()[pri:13, instance:testCases.SriLanka@7f485fda]" started-at="2024-03-29T15:16:07 IST" name="remyrides" finished-at="2024-03-29T15:16:10 IST" duration-ms="3241" status="PASS">
          <reporter-output>
          </reporter-output>
        </test-method> <!-- remyrides -->
        <test-method signature="reknowyourbike()[pri:14, instance:testCases.SriLanka@7f485fda]" started-at="2024-03-29T15:16:10 IST" name="reknowyourbike" finished-at="2024-03-29T15:16:18 IST" duration-ms="7850" status="PASS">
          <reporter-output>
          </reporter-output>
        </test-method> <!-- reknowyourbike -->
        <test-method signature="resettings()[pri:15, instance:testCases.SriLanka@7f485fda]" started-at="2024-03-29T15:16:18 IST" name="resettings" finished-at="2024-03-29T15:16:27 IST" duration-ms="9188" status="PASS">
          <reporter-output>
          </reporter-output>
        </test-method> <!-- resettings -->
        <test-method signature="lastparkedlocation()[pri:16, instance:testCases.SriLanka@7f485fda]" started-at="2024-03-29T15:16:27 IST" name="lastparkedlocation" finished-at="2024-03-29T15:16:33 IST" duration-ms="5517" status="PASS">
          <reporter-output>
          </reporter-output>
        </test-method> <!-- lastparkedlocation -->
        <test-method signature="howtovideos()[pri:17, instance:testCases.SriLanka@7f485fda]" started-at="2024-03-29T15:16:33 IST" name="howtovideos" finished-at="2024-03-29T15:16:36 IST" duration-ms="3297" status="PASS">
          <reporter-output>
          </reporter-output>
        </test-method> <!-- howtovideos -->
        <test-method signature="addiQube()[pri:18, instance:testCases.SriLanka@7f485fda]" started-at="2024-03-29T15:16:36 IST" name="addiQube" finished-at="2024-03-29T15:16:40 IST" duration-ms="4007" status="PASS">
          <reporter-output>
          </reporter-output>
        </test-method> <!-- addiQube -->
      </class> <!-- testCases.SriLanka -->
    </test> <!-- Test -->
  </suite> <!-- Suite -->
</testng-results>
